[debug] [2023-06-17T22:27:37.020Z] ----------------------------------------------------------------------
[debug] [2023-06-17T22:27:37.024Z] Command:       C:\Program Files\nodejs\node.exe C:\Users\NPC-ICT\AppData\Roaming\npm\node_modules\firebase-tools\lib\bin\firebase.js init
[debug] [2023-06-17T22:27:37.024Z] CLI Version:   12.3.1
[debug] [2023-06-17T22:27:37.025Z] Platform:      win32
[debug] [2023-06-17T22:27:37.026Z] Node Version:  v18.12.0
[debug] [2023-06-17T22:27:37.028Z] Time:          Sat Jun 17 2023 23:27:37 GMT+0100 (West Africa Standard Time)
[debug] [2023-06-17T22:27:37.029Z] ----------------------------------------------------------------------
[debug] 
[debug] [2023-06-17T22:27:37.167Z] > command requires scopes: ["email","openid","https://www.googleapis.com/auth/cloudplatformprojects.readonly","https://www.googleapis.com/auth/firebase","https://www.googleapis.com/auth/cloud-platform"]
[debug] [2023-06-17T22:27:37.167Z] > authorizing via signed-in user (abdulrazaq556@gmail.com)
[info] 
     ######## #### ########  ######## ########     ###     ######  ########
     ##        ##  ##     ## ##       ##     ##  ##   ##  ##       ##
     ######    ##  ########  ######   ########  #########  ######  ######
     ##        ##  ##    ##  ##       ##     ## ##     ##       ## ##
     ##       #### ##     ## ######## ########  ##     ##  ######  ########

You're about to initialize a Firebase project in this directory:

  C:\projects\RAVs\ravs-frontend

Before we get started, keep in mind:

  * You are currently outside your home directory
  * You are initializing within an existing Firebase project directory

